0 info it worked if it ends with ok
1 verbose cli [ '/usr/local/bin/node',
1 verbose cli   '/usr/local/bin/npm',
1 verbose cli   'install',
1 verbose cli   '-g',
1 verbose cli   'ganache@1.3.0' ]
2 info using npm@3.10.3
3 info using node@v11.9.0
4 silly loadCurrentTree Starting
5 silly install loadCurrentTree
6 silly install readGlobalPackageData
7 silly fetchPackageMetaData ganache@1.3.0
8 silly fetchNamedPackageData ganache
9 silly mapToRegistry name ganache
10 silly mapToRegistry using default registry
11 silly mapToRegistry registry https://registry.npmjs.org/
12 silly mapToRegistry data Result {
12 silly mapToRegistry   raw: 'ganache',
12 silly mapToRegistry   scope: null,
12 silly mapToRegistry   escapedName: 'ganache',
12 silly mapToRegistry   name: 'ganache',
12 silly mapToRegistry   rawSpec: '',
12 silly mapToRegistry   spec: 'latest',
12 silly mapToRegistry   type: 'tag' }
13 silly mapToRegistry uri https://registry.npmjs.org/ganache
14 verbose request uri https://registry.npmjs.org/ganache
15 verbose request no auth needed
16 info attempt registry request try #1 at 20:11:37
17 verbose request using bearer token for auth
18 verbose request id 88833ce8bc2e83c6
19 http request GET https://registry.npmjs.org/ganache
20 http 404 https://registry.npmjs.org/ganache
21 verbose headers { date: 'Wed, 20 Mar 2019 12:11:38 GMT',
21 verbose headers   'content-type': 'application/json',
21 verbose headers   'content-length': '21',
21 verbose headers   connection: 'keep-alive',
21 verbose headers   'set-cookie':
21 verbose headers    [ '__cfduid=d86d377012207c8bf2cd57fa20a1268bf1553083897; expires=Thu, 19-Mar-20 12:11:37 GMT; path=/; domain=.registry.npmjs.org; HttpOnly' ],
21 verbose headers   'cf-cache-status': 'MISS',
21 verbose headers   'cache-control': 'max-age=300',
21 verbose headers   'cf-ray': '4ba796fa29e0c333-SIN',
21 verbose headers   'expect-ct':
21 verbose headers    'max-age=604800, report-uri="https://report-uri.cloudflare.com/cdn-cgi/beacon/expect-ct"',
21 verbose headers   vary: 'accept-encoding, accept',
21 verbose headers   server: 'cloudflare' }
22 silly get cb [ 404,
22 silly get   { date: 'Wed, 20 Mar 2019 12:11:38 GMT',
22 silly get     'content-type': 'application/json',
22 silly get     'content-length': '21',
22 silly get     connection: 'keep-alive',
22 silly get     'set-cookie':
22 silly get      [ '__cfduid=d86d377012207c8bf2cd57fa20a1268bf1553083897; expires=Thu, 19-Mar-20 12:11:37 GMT; path=/; domain=.registry.npmjs.org; HttpOnly' ],
22 silly get     'cf-cache-status': 'MISS',
22 silly get     'cache-control': 'max-age=300',
22 silly get     'cf-ray': '4ba796fa29e0c333-SIN',
22 silly get     'expect-ct':
22 silly get      'max-age=604800, report-uri="https://report-uri.cloudflare.com/cdn-cgi/beacon/expect-ct"',
22 silly get     vary: 'accept-encoding, accept',
22 silly get     server: 'cloudflare' } ]
23 silly fetchPackageMetaData Error: Not found : ganache
23 silly fetchPackageMetaData     at makeError (/usr/local/lib/node_modules/npm/node_modules/npm-registry-client/lib/request.js:264:12)
23 silly fetchPackageMetaData     at CachingRegistryClient.<anonymous> (/usr/local/lib/node_modules/npm/node_modules/npm-registry-client/lib/request.js:252:14)
23 silly fetchPackageMetaData     at Request._callback (/usr/local/lib/node_modules/npm/node_modules/npm-registry-client/lib/request.js:172:14)
23 silly fetchPackageMetaData     at Request.self.callback (/usr/local/lib/node_modules/npm/node_modules/request/request.js:200:22)
23 silly fetchPackageMetaData     at Request.emit (events.js:197:13)
23 silly fetchPackageMetaData     at Request.<anonymous> (/usr/local/lib/node_modules/npm/node_modules/request/request.js:1067:10)
23 silly fetchPackageMetaData     at Request.emit (events.js:202:15)
23 silly fetchPackageMetaData     at IncomingMessage.<anonymous> (/usr/local/lib/node_modules/npm/node_modules/request/request.js:988:12)
23 silly fetchPackageMetaData     at IncomingMessage.emit (events.js:202:15)
23 silly fetchPackageMetaData     at endReadableNT (_stream_readable.js:1129:12)
23 silly fetchPackageMetaData  error for ganache@1.3.0 { Error: Not found : ganache
23 silly fetchPackageMetaData     at makeError (/usr/local/lib/node_modules/npm/node_modules/npm-registry-client/lib/request.js:264:12)
23 silly fetchPackageMetaData     at CachingRegistryClient.<anonymous> (/usr/local/lib/node_modules/npm/node_modules/npm-registry-client/lib/request.js:252:14)
23 silly fetchPackageMetaData     at Request._callback (/usr/local/lib/node_modules/npm/node_modules/npm-registry-client/lib/request.js:172:14)
23 silly fetchPackageMetaData     at Request.self.callback (/usr/local/lib/node_modules/npm/node_modules/request/request.js:200:22)
23 silly fetchPackageMetaData     at Request.emit (events.js:197:13)
23 silly fetchPackageMetaData     at Request.<anonymous> (/usr/local/lib/node_modules/npm/node_modules/request/request.js:1067:10)
23 silly fetchPackageMetaData     at Request.emit (events.js:202:15)
23 silly fetchPackageMetaData     at IncomingMessage.<anonymous> (/usr/local/lib/node_modules/npm/node_modules/request/request.js:988:12)
23 silly fetchPackageMetaData     at IncomingMessage.emit (events.js:202:15)
23 silly fetchPackageMetaData     at endReadableNT (_stream_readable.js:1129:12) pkgid: 'ganache', statusCode: 404, code: 'E404' }
24 silly rollbackFailedOptional Starting
25 silly rollbackFailedOptional Finishing
26 silly runTopLevelLifecycles Starting
27 silly runTopLevelLifecycles Finishing
28 silly install printInstalled
29 verbose stack Error: Not found : ganache
29 verbose stack     at makeError (/usr/local/lib/node_modules/npm/node_modules/npm-registry-client/lib/request.js:264:12)
29 verbose stack     at CachingRegistryClient.<anonymous> (/usr/local/lib/node_modules/npm/node_modules/npm-registry-client/lib/request.js:252:14)
29 verbose stack     at Request._callback (/usr/local/lib/node_modules/npm/node_modules/npm-registry-client/lib/request.js:172:14)
29 verbose stack     at Request.self.callback (/usr/local/lib/node_modules/npm/node_modules/request/request.js:200:22)
29 verbose stack     at Request.emit (events.js:197:13)
29 verbose stack     at Request.<anonymous> (/usr/local/lib/node_modules/npm/node_modules/request/request.js:1067:10)
29 verbose stack     at Request.emit (events.js:202:15)
29 verbose stack     at IncomingMessage.<anonymous> (/usr/local/lib/node_modules/npm/node_modules/request/request.js:988:12)
29 verbose stack     at IncomingMessage.emit (events.js:202:15)
29 verbose stack     at endReadableNT (_stream_readable.js:1129:12)
30 verbose statusCode 404
31 verbose pkgid ganache
32 verbose cwd /Users/sengayusaku/repo/btc2eth1
33 error Darwin 18.2.0
34 error argv "/usr/local/bin/node" "/usr/local/bin/npm" "install" "-g" "ganache@1.3.0"
35 error node v11.9.0
36 error npm  v3.10.3
37 error code E404
38 error 404 Not found : ganache
39 error 404
40 error 404 'ganache' is not in the npm registry.
41 error 404 You should bug the author to publish it (or use the name yourself!)
42 error 404 Note that you can also install from a
43 error 404 tarball, folder, http url, or git url.
44 verbose exit [ 1, true ]
